D:\Taskmaster\myenv\Lib\site-packages\pydantic\_internal\_config.py:386: UserWarning: Valid config keys have changed in V2:
* 'orm_mode' has been renamed to 'from_attributes'
  warnings.warn(message, UserWarning)
Traceback (most recent call last):
  File "<frozen runpy>", line 198, in _run_module_as_main
  File "<frozen runpy>", line 88, in _run_code
  File "D:\Taskmaster\myenv\Lib\site-packages\uvicorn\__main__.py", line 4, in <module>
    uvicorn.main()
    ~~~~~~~~~~~~^^
  File "D:\Taskmaster\myenv\Lib\site-packages\click\core.py", line 1524, in __call__
    return self.main(*args, **kwargs)
           ~~~~~~~~~^^^^^^^^^^^^^^^^^
  File "D:\Taskmaster\myenv\Lib\site-packages\click\core.py", line 1445, in main
    rv = self.invoke(ctx)
  File "D:\Taskmaster\myenv\Lib\site-packages\click\core.py", line 1308, in invoke
    return ctx.invoke(self.callback, **ctx.params)
           ~~~~~~~~~~^^^^^^^^^^^^^^^^^^^^^^^^^^^^^
  File "D:\Taskmaster\myenv\Lib\site-packages\click\core.py", line 877, in invoke
    return callback(*args, **kwargs)
  File "D:\Taskmaster\myenv\Lib\site-packages\uvicorn\main.py", line 441, in main
    run(
    ~~~^
        app,
        ^^^^
    ...<48 lines>...
        reset_contextvars=reset_contextvars,
        ^^^^^^^^^^^^^^^^^^^^^^^^^^^^^^^^^^^^
    )
    ^
  File "D:\Taskmaster\myenv\Lib\site-packages\uvicorn\main.py", line 609, in run
    config.load_app()
    ~~~~~~~~~~~~~~~^^
  File "D:\Taskmaster\myenv\Lib\site-packages\uvicorn\config.py", line 415, in load_app
    return import_from_string(self.app)
  File "D:\Taskmaster\myenv\Lib\site-packages\uvicorn\importer.py", line 19, in import_from_string
    module = importlib.import_module(module_str)
  File "C:\Users\rahul\AppData\Local\Programs\Python\Python314\Lib\importlib\__init__.py", line 88, in import_module
    return _bootstrap._gcd_import(name[level:], package, level)
           ~~~~~~~~~~~~~~~~~~~~~~^^^^^^^^^^^^^^^^^^^^^^^^^^^^^^
  File "<frozen importlib._bootstrap>", line 1398, in _gcd_import
  File "<frozen importlib._bootstrap>", line 1371, in _find_and_load
  File "<frozen importlib._bootstrap>", line 1342, in _find_and_load_unlocked
  File "<frozen importlib._bootstrap>", line 938, in _load_unlocked
  File "<frozen importlib._bootstrap_external>", line 759, in exec_module
  File "<frozen importlib._bootstrap>", line 491, in _call_with_frames_removed
  File "D:\Taskmaster\app.py", line 21, in <module>
    import schemas
  File "D:\Taskmaster\schemas.py", line 124, in <module>
    class TaskDetail(TaskInDBBase):
    ...<3 lines>...
            orm_mode = True
  File "D:\Taskmaster\myenv\Lib\site-packages\pydantic\_internal\_model_construction.py", line 243, in __new__
    set_model_fields(cls, config_wrapper=config_wrapper, ns_resolver=ns_resolver)
    ~~~~~~~~~~~~~~~~^^^^^^^^^^^^^^^^^^^^^^^^^^^^^^^^^^^^^^^^^^^^^^^^^^^^^^^^^^^^^
  File "D:\Taskmaster\myenv\Lib\site-packages\pydantic\_internal\_model_construction.py", line 579, in set_model_fields
    fields, pydantic_extra_info, class_vars = collect_model_fields(
                                              ~~~~~~~~~~~~~~~~~~~~^
        cls, config_wrapper, ns_resolver, typevars_map=typevars_map
        ^^^^^^^^^^^^^^^^^^^^^^^^^^^^^^^^^^^^^^^^^^^^^^^^^^^^^^^^^^^
    )
    ^
  File "D:\Taskmaster\myenv\Lib\site-packages\pydantic\_internal\_fields.py", line 265, in collect_model_fields
    type_hints = _typing_extra.get_model_type_hints(cls, ns_resolver=ns_resolver)
  File "D:\Taskmaster\myenv\Lib\site-packages\pydantic\_internal\_typing_extra.py", line 368, in get_model_type_hints
    hints[name] = try_eval_type(value, globalns, localns)
                  ~~~~~~~~~~~~~^^^^^^^^^^^^^^^^^^^^^^^^^^
  File "D:\Taskmaster\myenv\Lib\site-packages\pydantic\_internal\_typing_extra.py", line 423, in try_eval_type
    return eval_type_backport(value, globalns, localns), True
           ~~~~~~~~~~~~~~~~~~^^^^^^^^^^^^^^^^^^^^^^^^^^
  File "D:\Taskmaster\myenv\Lib\site-packages\pydantic\_internal\_typing_extra.py", line 474, in eval_type_backport
    return _eval_type_backport(value, globalns, localns, type_params)
  File "D:\Taskmaster\myenv\Lib\site-packages\pydantic\_internal\_typing_extra.py", line 511, in _eval_type_backport
    return _eval_type(value, globalns, localns, type_params)
  File "D:\Taskmaster\myenv\Lib\site-packages\pydantic\_internal\_typing_extra.py", line 543, in _eval_type
    evaluated = typing._eval_type(  # type: ignore
        value,
    ...<9 lines>...
        prefer_fwd_module=True,
    )
  File "C:\Users\rahul\AppData\Local\Programs\Python\Python314\Lib\typing.py", line 461, in _eval_type
    return evaluate_forward_ref(t, globals=globalns, locals=localns,
                                type_params=type_params, owner=owner,
                                _recursive_guard=recursive_guard, format=format)
  File "C:\Users\rahul\AppData\Local\Programs\Python\Python314\Lib\typing.py", line 1000, in evaluate_forward_ref
    value = forward_ref.evaluate(globals=globals, locals=locals,
                                 type_params=type_params, owner=owner, format=format)
  File "C:\Users\rahul\AppData\Local\Programs\Python\Python314\Lib\annotationlib.py", line 205, in evaluate
    return eval(code, globals=globals, locals=locals)
  File "<string>", line 1, in <module>
  File "D:\Taskmaster\myenv\Lib\site-packages\pydantic\main.py", line 914, in __class_getitem__
    raise TypeError(f'{cls} cannot be parametrized because it does not inherit from typing.Generic')
TypeError: <class 'schemas.List'> cannot be parametrized because it does not inherit from typing.Generic
Unable to evaluate type annotation "List['Tag']".
